  graph.cpp
E:\program\Interview\interview\Graph_\graph.cpp(20,17): warning C4305: “=”: 从“int”到“VerType”截断
E:\program\Interview\interview\Graph_\graph.cpp(20,13): warning C4309: “=”: 截断常量值
E:\program\Interview\interview\Graph_\graph.cpp(21,17): warning C4305: “=”: 从“int”到“VerType”截断
E:\program\Interview\interview\Graph_\graph.cpp(21,13): warning C4309: “=”: 截断常量值
E:\program\Interview\interview\Graph_\graph.cpp(22,17): warning C4305: “=”: 从“int”到“VerType”截断
E:\program\Interview\interview\Graph_\graph.cpp(22,13): warning C4309: “=”: 截断常量值
E:\program\Interview\interview\Graph_\graph.cpp(23,17): warning C4305: “=”: 从“int”到“VerType”截断
E:\program\Interview\interview\Graph_\graph.cpp(23,13): warning C4309: “=”: 截断常量值
E:\program\Interview\interview\Graph_\graph.cpp(24,17): warning C4305: “=”: 从“int”到“VerType”截断
E:\program\Interview\interview\Graph_\graph.cpp(24,13): warning C4309: “=”: 截断常量值
E:\program\Interview\interview\Graph_\graph.cpp(25,17): warning C4305: “=”: 从“int”到“VerType”截断
E:\program\Interview\interview\Graph_\graph.cpp(25,13): warning C4309: “=”: 截断常量值
E:\program\Interview\interview\Graph_\graph.cpp(26,17): warning C4305: “=”: 从“int”到“VerType”截断
E:\program\Interview\interview\Graph_\graph.cpp(26,13): warning C4309: “=”: 截断常量值
E:\program\Interview\interview\Graph_\graph.cpp(27,17): warning C4305: “=”: 从“int”到“VerType”截断
E:\program\Interview\interview\Graph_\graph.cpp(27,13): warning C4309: “=”: 截断常量值
E:\program\Interview\interview\Graph_\graph.cpp(38,20): warning C4305: “参数”: 从“int”到“char”截断
E:\program\Interview\interview\Graph_\graph.cpp(38,16): warning C4309: “参数”: 截断常量值
E:\program\Interview\interview\Graph_\graph.cpp(39,21): warning C4305: “参数”: 从“int”到“char”截断
E:\program\Interview\interview\Graph_\graph.cpp(39,17): warning C4309: “参数”: 截断常量值
E:\program\Interview\interview\Graph_\graph.cpp(43,21): warning C4305: “参数”: 从“int”到“char”截断
E:\program\Interview\interview\Graph_\graph.cpp(43,17): warning C4309: “参数”: 截断常量值
E:\program\Interview\interview\Graph_\graph.cpp(44,21): warning C4305: “参数”: 从“int”到“char”截断
E:\program\Interview\interview\Graph_\graph.cpp(44,17): warning C4309: “参数”: 截断常量值
E:\program\Interview\interview\Graph_\graph.cpp(47,21): warning C4305: “参数”: 从“int”到“char”截断
E:\program\Interview\interview\Graph_\graph.cpp(47,17): warning C4309: “参数”: 截断常量值
E:\program\Interview\interview\Graph_\graph.cpp(48,21): warning C4305: “参数”: 从“int”到“char”截断
E:\program\Interview\interview\Graph_\graph.cpp(48,17): warning C4309: “参数”: 截断常量值
E:\program\Interview\interview\Graph_\graph.cpp(51,21): warning C4305: “参数”: 从“int”到“char”截断
E:\program\Interview\interview\Graph_\graph.cpp(51,17): warning C4309: “参数”: 截断常量值
E:\program\Interview\interview\Graph_\graph.cpp(52,21): warning C4305: “参数”: 从“int”到“char”截断
E:\program\Interview\interview\Graph_\graph.cpp(52,17): warning C4309: “参数”: 截断常量值
E:\program\Interview\interview\Graph_\graph.cpp(55,21): warning C4305: “参数”: 从“int”到“char”截断
E:\program\Interview\interview\Graph_\graph.cpp(55,17): warning C4309: “参数”: 截断常量值
E:\program\Interview\interview\Graph_\graph.cpp(56,21): warning C4305: “参数”: 从“int”到“char”截断
E:\program\Interview\interview\Graph_\graph.cpp(56,17): warning C4309: “参数”: 截断常量值
E:\program\Interview\interview\Graph_\graph.cpp(59,21): warning C4305: “参数”: 从“int”到“char”截断
E:\program\Interview\interview\Graph_\graph.cpp(59,17): warning C4309: “参数”: 截断常量值
E:\program\Interview\interview\Graph_\graph.cpp(60,21): warning C4305: “参数”: 从“int”到“char”截断
E:\program\Interview\interview\Graph_\graph.cpp(60,17): warning C4309: “参数”: 截断常量值
E:\program\Interview\interview\Graph_\graph.cpp(63,21): warning C4305: “参数”: 从“int”到“char”截断
E:\program\Interview\interview\Graph_\graph.cpp(63,17): warning C4309: “参数”: 截断常量值
E:\program\Interview\interview\Graph_\graph.cpp(64,21): warning C4305: “参数”: 从“int”到“char”截断
E:\program\Interview\interview\Graph_\graph.cpp(64,17): warning C4309: “参数”: 截断常量值
E:\program\Interview\interview\Graph_\graph.cpp(67,21): warning C4305: “参数”: 从“int”到“char”截断
E:\program\Interview\interview\Graph_\graph.cpp(67,17): warning C4309: “参数”: 截断常量值
E:\program\Interview\interview\Graph_\graph.cpp(68,21): warning C4305: “参数”: 从“int”到“char”截断
E:\program\Interview\interview\Graph_\graph.cpp(68,17): warning C4309: “参数”: 截断常量值
E:\program\Interview\interview\Graph_\graph.cpp(71,21): warning C4305: “参数”: 从“int”到“char”截断
E:\program\Interview\interview\Graph_\graph.cpp(71,17): warning C4309: “参数”: 截断常量值
E:\program\Interview\interview\Graph_\graph.cpp(72,21): warning C4305: “参数”: 从“int”到“char”截断
E:\program\Interview\interview\Graph_\graph.cpp(72,17): warning C4309: “参数”: 截断常量值
E:\program\Interview\interview\Graph_\graph.cpp(86): warning C4715: “VexName”: 不是所有的控件路径都返回值
  Graph_.vcxproj -> E:\program\Interview\interview\Debug\Graph_.exe
